{"numFailedTestSuites":1,"numFailedTests":2,"numPassedTestSuites":0,"numPassedTests":2,"numPendingTestSuites":0,"numPendingTests":0,"numRuntimeErrorTestSuites":0,"numTodoTests":0,"numTotalTestSuites":1,"numTotalTests":4,"openHandles":[],"snapshot":{"added":0,"didUpdate":false,"failure":false,"filesAdded":0,"filesRemoved":0,"filesRemovedList":[],"filesUnmatched":0,"filesUpdated":0,"matched":0,"total":0,"unchecked":0,"uncheckedKeysByFile":[],"unmatched":0,"updated":0},"startTime":1774969285454,"success":false,"testResults":[{"assertionResults":[{"ancestorTitles":["App Core functionality"],"duration":18,"failing":false,"failureDetails":[],"failureMessages":[],"fullName":"App Core functionality GET /health should return 200 and status ok","invocations":1,"location":null,"numPassingAsserts":3,"retryReasons":[],"startAt":1774969286089,"status":"passed","title":"GET /health should return 200 and status ok"},{"ancestorTitles":["App Core functionality"],"duration":39,"failing":false,"failureDetails":[],"failureMessages":[],"fullName":"App Core functionality Protected routes should return 401 without auth header","invocations":1,"location":null,"numPassingAsserts":3,"retryReasons":[],"startAt":1774969286109,"status":"passed","title":"Protected routes should return 401 without auth header"},{"ancestorTitles":["App Core functionality"],"duration":5,"failing":false,"failureDetails":[{"matcherResult":{"message":"\u001b[2mexpect(\u001b[22m\u001b[31mreceived\u001b[39m\u001b[2m).\u001b[22mtoBeDefined\u001b[2m()\u001b[22m\n\nReceived: \u001b[31mundefined\u001b[39m","pass":false}}],"failureMessages":["Error: \u001b[2mexpect(\u001b[22m\u001b[31mreceived\u001b[39m\u001b[2m).\u001b[22mtoBeDefined\u001b[2m()\u001b[22m\n\nReceived: \u001b[31mundefined\u001b[39m\n    at Object.toBeDefined (C:\\Users\\Danie\\OneDrive\\Escritorio\\Clubes\\server\\tests\\app.test.js:25:56)\n    at processTicksAndRejections (node:internal/process/task_queues:103:5)"],"fullName":"App Core functionality CORS is applied","invocations":1,"location":null,"numPassingAsserts":1,"retryReasons":[],"startAt":1774969286148,"status":"failed","title":"CORS is applied"},{"ancestorTitles":["App Core functionality"],"duration":16,"failing":false,"failureDetails":[{"matcherResult":{"actual":401,"expected":404,"message":"\u001b[2mexpect(\u001b[22m\u001b[31mreceived\u001b[39m\u001b[2m).\u001b[22mtoEqual\u001b[2m(\u001b[22m\u001b[32mexpected\u001b[39m\u001b[2m) // deep equality\u001b[22m\n\nExpected: \u001b[32m404\u001b[39m\nReceived: \u001b[31m401\u001b[39m","name":"toEqual","pass":false}}],"failureMessages":["Error: \u001b[2mexpect(\u001b[22m\u001b[31mreceived\u001b[39m\u001b[2m).\u001b[22mtoEqual\u001b[2m(\u001b[22m\u001b[32mexpected\u001b[39m\u001b[2m) // deep equality\u001b[22m\n\nExpected: \u001b[32m404\u001b[39m\nReceived: \u001b[31m401\u001b[39m\n    at Object.toEqual (C:\\Users\\Danie\\OneDrive\\Escritorio\\Clubes\\server\\tests\\app.test.js:30:28)\n    at processTicksAndRejections (node:internal/process/task_queues:103:5)"],"fullName":"App Core functionality Unknown routes should be handled by standard error or 404","invocations":1,"location":null,"numPassingAsserts":0,"retryReasons":[],"startAt":1774969286155,"status":"failed","title":"Unknown routes should be handled by standard error or 404"}],"endTime":1774969286179,"message":"\u001b[1m\u001b[31m  \u001b[1m● \u001b[22m\u001b[1mApp Core functionality › CORS is applied\u001b[39m\u001b[22m\n\n    \u001b[2mexpect(\u001b[22m\u001b[31mreceived\u001b[39m\u001b[2m).\u001b[22mtoBeDefined\u001b[2m()\u001b[22m\n\n    Received: \u001b[31mundefined\u001b[39m\n\u001b[2m\u001b[22m\n\u001b[2m    \u001b[0m \u001b[90m 23 |\u001b[39m     \u001b[90m// Express cors middleware typically responds to preflight\u001b[39m\u001b[22m\n\u001b[2m     \u001b[90m 24 |\u001b[39m     expect(res\u001b[33m.\u001b[39mstatusCode)\u001b[33m.\u001b[39mtoEqual(\u001b[35m204\u001b[39m)\u001b[33m;\u001b[39m\u001b[22m\n\u001b[2m    \u001b[31m\u001b[1m>\u001b[22m\u001b[2m\u001b[39m\u001b[90m 25 |\u001b[39m     expect(res\u001b[33m.\u001b[39mheaders[\u001b[32m'access-control-allow-origin'\u001b[39m])\u001b[33m.\u001b[39mtoBeDefined()\u001b[33m;\u001b[39m\u001b[22m\n\u001b[2m     \u001b[90m    |\u001b[39m                                                        \u001b[31m\u001b[1m^\u001b[22m\u001b[2m\u001b[39m\u001b[22m\n\u001b[2m     \u001b[90m 26 |\u001b[39m   })\u001b[33m;\u001b[39m\u001b[22m\n\u001b[2m     \u001b[90m 27 |\u001b[39m\u001b[22m\n\u001b[2m     \u001b[90m 28 |\u001b[39m   it(\u001b[32m'Unknown routes should be handled by standard error or 404'\u001b[39m\u001b[33m,\u001b[39m \u001b[36masync\u001b[39m () \u001b[33m=>\u001b[39m {\u001b[0m\u001b[22m\n\u001b[2m\u001b[22m\n\u001b[2m      \u001b[2mat Object.toBeDefined (\u001b[22m\u001b[2m\u001b[0m\u001b[36mtests/app.test.js\u001b[39m\u001b[0m\u001b[2m:25:56)\u001b[22m\u001b[2m\u001b[22m\n\n\u001b[1m\u001b[31m  \u001b[1m● \u001b[22m\u001b[1mApp Core functionality › Unknown routes should be handled by standard error or 404\u001b[39m\u001b[22m\n\n    \u001b[2mexpect(\u001b[22m\u001b[31mreceived\u001b[39m\u001b[2m).\u001b[22mtoEqual\u001b[2m(\u001b[22m\u001b[32mexpected\u001b[39m\u001b[2m) // deep equality\u001b[22m\n\n    Expected: \u001b[32m404\u001b[39m\n    Received: \u001b[31m401\u001b[39m\n\u001b[2m\u001b[22m\n\u001b[2m    \u001b[0m \u001b[90m 28 |\u001b[39m   it(\u001b[32m'Unknown routes should be handled by standard error or 404'\u001b[39m\u001b[33m,\u001b[39m \u001b[36masync\u001b[39m () \u001b[33m=>\u001b[39m {\u001b[22m\n\u001b[2m     \u001b[90m 29 |\u001b[39m     \u001b[36mconst\u001b[39m res \u001b[33m=\u001b[39m \u001b[36mawait\u001b[39m request(app)\u001b[33m.\u001b[39m\u001b[36mget\u001b[39m(\u001b[32m'/api/v1/some-non-existent-route-for-testing'\u001b[39m)\u001b[33m;\u001b[39m\u001b[22m\n\u001b[2m    \u001b[31m\u001b[1m>\u001b[22m\u001b[2m\u001b[39m\u001b[90m 30 |\u001b[39m     expect(res\u001b[33m.\u001b[39mstatusCode)\u001b[33m.\u001b[39mtoEqual(\u001b[35m404\u001b[39m)\u001b[33m;\u001b[39m\u001b[22m\n\u001b[2m     \u001b[90m    |\u001b[39m                            \u001b[31m\u001b[1m^\u001b[22m\u001b[2m\u001b[39m\u001b[22m\n\u001b[2m     \u001b[90m 31 |\u001b[39m   })\u001b[33m;\u001b[39m\u001b[22m\n\u001b[2m     \u001b[90m 32 |\u001b[39m\u001b[22m\n\u001b[2m     \u001b[90m 33 |\u001b[39m })\u001b[33m;\u001b[39m\u001b[0m\u001b[22m\n\u001b[2m\u001b[22m\n\u001b[2m      \u001b[2mat Object.toEqual (\u001b[22m\u001b[2m\u001b[0m\u001b[36mtests/app.test.js\u001b[39m\u001b[0m\u001b[2m:30:28)\u001b[22m\u001b[2m\u001b[22m\n","name":"C:\\Users\\Danie\\OneDrive\\Escritorio\\Clubes\\server\\tests\\app.test.js","startTime":1774969285511,"status":"failed","summary":""}],"wasInterrupted":false}
